<?xml version="1.0" encoding="UTF-8"?>
<!-- Generated by org.testng.reporters.JUnitReportReporter -->
<testsuite hostname="DESKTOP-L3U3DAD" failures="0" tests="5" name="swagLabTests" time="2.384" errors="0" timestamp="2025-05-19T15:58:57 GMT+03:00" skipped="0">
  <testcase classname="swagLabTests" name="login" time="0.533"/>
  <system-out/>
  <testcase classname="swagLabTests" name="sortItemByPriceAsc" time="0.230"/>
  <system-out/>
  <testcase classname="swagLabTests" name="addAllItemToTheCart" time="0.539"/>
  <system-out/>
  <testcase classname="swagLabTests" name="checkout" time="0.798"/>
  <system-out/>
  <testcase classname="swagLabTests" name="logout" time="0.284"/>
  <system-out/>
</testsuite> <!-- swagLabTests -->
